Remember that you can report errors and get help in https://github.com/NicoSantangelo/sublime-gulp

02-07-2018 11:25:
(node:94651) [DEP0013] DeprecationWarning: Calling an asynchronous function without callback is deprecated.


02-07-2018 15:43:
(node:18394) [DEP0013] DeprecationWarning: Calling an asynchronous function without callback is deprecated.


02-07-2018 16:08:
(node:21322) [DEP0013] DeprecationWarning: Calling an asynchronous function without callback is deprecated.


02-07-2018 16:26:
(node:23500) [DEP0013] DeprecationWarning: Calling an asynchronous function without callback is deprecated.


02-19-2018 17:23:
(node:43124) [DEP0013] DeprecationWarning: Calling an asynchronous function without callback is deprecated.


03-14-2018 00:48:
(node:4687) [DEP0013] DeprecationWarning: Calling an asynchronous function without callback is deprecated.


03-19-2018 13:02:
(node:53263) [DEP0013] DeprecationWarning: Calling an asynchronous function without callback is deprecated.


12-28-2022 00:12:
node:internal/validators:365
    throw new ERR_INVALID_ARG_TYPE(name, 'Function', value);
    ^

TypeError [ERR_INVALID_ARG_TYPE]: The "cb" argument must be of type function. Received undefined
    at makeCallback (node:fs:195:3)
    at Object.unlink (node:fs:1759:14)
    at requireGulp (/Users/jacobraccuia/Library/Application Support/Sublime Text 3/Packages/Gulp/write_tasks_to_cache.js:30:12)
    at Object.<anonymous> (/Users/jacobraccuia/Library/Application Support/Sublime Text 3/Packages/Gulp/write_tasks_to_cache.js:83:12)
    at Module._compile (node:internal/modules/cjs/loader:1149:14)
    at Module._extensions..js (node:internal/modules/cjs/loader:1203:10)
    at Module.load (node:internal/modules/cjs/loader:1027:32)
    at Module._load (node:internal/modules/cjs/loader:868:12)
    at Function.executeUserEntryPoint [as runMain] (node:internal/modules/run_main:81:12)
    at node:internal/main/run_main_module:23:47 {
  code: 'ERR_INVALID_ARG_TYPE'
}

Node.js v18.10.0


12-28-2022 00:12:
node:internal/validators:365
    throw new ERR_INVALID_ARG_TYPE(name, 'Function', value);
    ^

TypeError [ERR_INVALID_ARG_TYPE]: The "cb" argument must be of type function. Received undefined
    at makeCallback (node:fs:195:3)
    at Object.unlink (node:fs:1759:14)
    at requireGulp (/Users/jacobraccuia/Library/Application Support/Sublime Text 3/Packages/Gulp/write_tasks_to_cache.js:30:12)
    at Object.<anonymous> (/Users/jacobraccuia/Library/Application Support/Sublime Text 3/Packages/Gulp/write_tasks_to_cache.js:83:12)
    at Module._compile (node:internal/modules/cjs/loader:1149:14)
    at Module._extensions..js (node:internal/modules/cjs/loader:1203:10)
    at Module.load (node:internal/modules/cjs/loader:1027:32)
    at Module._load (node:internal/modules/cjs/loader:868:12)
    at Function.executeUserEntryPoint [as runMain] (node:internal/modules/run_main:81:12)
    at node:internal/main/run_main_module:23:47 {
  code: 'ERR_INVALID_ARG_TYPE'
}

Node.js v18.10.0
